<?xml version="1.0" encoding="UTF-8"?>
<!-- Generated by org.testng.reporters.JUnitReportReporter -->
<testsuite hostname="DESKTOP-5BKKI8L" failures="0" tests="3" name="com.allianz.test.LoginTest" time="60.841" errors="0" timestamp="2024-04-17T11:22:43 PDT" skipped="0">
  <testcase classname="com.allianz.test.LoginTest" name="invalidLoginTest" time="22.404"/>
  <testcase classname="com.allianz.test.LoginTest" name="validLoginTest" time="22.452"/>
  <testcase classname="com.allianz.test.LoginTest" name="invalidLoginTest" time="15.985"/>
</testsuite> <!-- com.allianz.test.LoginTest -->
