<?xml version="1.0" encoding="UTF-8"?>
<!-- Generated by org.testng.reporters.JUnitReportReporter -->
<testsuite hostname="DESKTOP-5BKKI8L" failures="0" tests="2" name="com.allianz.test.LoginUITest" time="0.059" errors="0" timestamp="2024-04-05T10:23:41 PDT" skipped="0">
  <testcase classname="com.allianz.test.LoginUITest" name="appLoginDecriptionTest" time="0.029"/>
  <testcase classname="com.allianz.test.LoginUITest" name="titleTest" time="0.030"/>
</testsuite> <!-- com.allianz.test.LoginUITest -->
